2020/01/28 21:02:19
CrySPY 0.8.0
Start cryspy.py

# ---------- Read cryspy.in (at 1st run)
# ------ basic section
algo = BO
calc_code = soiap
tot_struc = 10
natot = 16
atype = Si
nat = 16
nstage = 1
njob = 2
jobcmd = bash
jobfile = job_cryspy
# ------ BO section
nselect_bo = 2
score = TS
num_rand_basis = 0
cdev = 0.001
dscrpt = FP
fp_rmin = 0.5
fp_rmax = 10.0
fp_npoints = 30
fp_sigma = 1.0
max_select_bo = 0
manual_select_bo = 
# ------ lattice section
minlen = 5.0
maxlen = 10.0
dangle = 20.0
mindist_1 = 1.8
# ------ soiap section
soiap_infile = soiap.in
soiap_outfile = soiap.out
soiap_cif = initial.cif
# ------ option section
maxcnt = 50
stop_chkpt = 0
symprec = 0.001
spgnum = all
load_struc_flag = False
stop_next_struc = False
recalc = 
append_struc_ea = False
energy_step_flag = False
struc_step_flag = False
fs_step_flag = False


# ---------- Generate initial structures
Generated structures up to ID 9


# ---------- Selection 1
selected_id: 6 5

Done! ID      6: E = -4.057052953925473 eV/atom
Done! ID      5: E = -3.8160906127991865 eV/atom

Done selection 1

# ------ Bayesian optimization
current best E = -4.057052953925473



# ---------- Selection: 2
selected_id: 9 1

Done! ID      9: E = -3.7855523219938267 eV/atom
Done! ID      1: E = -2.25067385643626 eV/atom

Done selection 2

# ------ Bayesian optimization
current best E = -4.057052953925473



# ---------- Selection: 3
selected_id: 2 8

Done! ID      2: E = -4.055380605053125 eV/atom
Done! ID      8: E = -3.983963912149096 eV/atom

Done selection 3

# ------ Bayesian optimization
current best E = -4.057052953925473



# ---------- Selection: 4
selected_id: 4 7

Done! ID      4: E = -3.409062515865766 eV/atom
Done! ID      7: E = -3.0715657692396103 eV/atom

Done selection 4

# ------ Bayesian optimization
current best E = -4.057052953925473



# ---------- Selection: 5
selected_id: 0 3

Done! ID      0: E = -3.8771704689600974 eV/atom
Done! ID      3: E = -3.6520668109807906 eV/atom

Done selection 5


Done all structures!
