2020/03/17 15:13:33
CrySPY 0.8.0
Start cryspy.py

# ---------- Read cryspy.in (at 1st run)
# ------ basic section
algo = RS
calc_code = OMX
tot_struc = 5
natot = 16
atype = Si
nat = 16
nstage = 2
njob = 5
jobcmd = qsub
jobfile = job_cryspy
# ------ lattice section
minlen = 5.0
maxlen = 10.0
dangle = 20.0
mindist_1 = 1.8
# ------ OMX section
OMX_infile = omx.in
OMX_outfile = omx.out
kppvol = 40 80
force_gamma = False
# ------ option section
maxcnt = 50
stop_chkpt = 0
symprec = 0.001
spgnum = all
load_struc_flag = False
stop_next_struc = False
recalc = 
append_struc_ea = False
energy_step_flag = False
struc_step_flag = False
fs_step_flag = False


# ---------- Generate initial structures
Generated structures up to ID 4

Done! ID      0: E = -110.75576526205661 eV/atom
Done! ID      1: E = -110.78703353911466 eV/atom
Done! ID      2: E = -110.77947412965476 eV/atom
Done! ID      3: E = -110.8606835533829 eV/atom
Done! ID      4: E = -110.50333555911145 eV/atom
