2020/02/10 12:47:20
CrySPY 0.8.0
Start cryspy.py

# ---------- Read cryspy.in (at 1st run)
# ------ basic section
algo = BO
calc_code = VASP
tot_struc = 10
natot = 16
atype = Na Cl
nat = 8 8
nstage = 2
njob = 2
jobcmd = qsub
jobfile = job_cryspy
# ------ BO section
nselect_bo = 2
score = TS
num_rand_basis = 0
cdev = 0.001
dscrpt = FP
fp_rmin = 0.5
fp_rmax = 5.0
fp_npoints = 10
fp_sigma = 1.0
max_select_bo = 0
manual_select_bo = 
# ------ lattice section
minlen = 5.0
maxlen = 12.0
dangle = 20.0
mindist_1 = 2.2 1.8
mindist_2 = 1.8 2.2
# ------ VASP section
kppvol = 40 80
force_gamma = False
# ------ option section
maxcnt = 50
stop_chkpt = 0
symprec = 0.001
spgnum = all
load_struc_flag = False
stop_next_struc = False
recalc = 
append_struc_ea = False
energy_step_flag = False
struc_step_flag = False
fs_step_flag = False


# ---------- Generate initial structures
Generated structures up to ID 9


# ---------- Selection 1
selected_id: 5 3

Done! ID      5: E = -2.9475355625 eV/atom
Done! ID      3: E = -2.5511100625 eV/atom

Done selection 1

# ------ Bayesian optimization
current best E = -2.9475355625



# ---------- Selection: 2
selected_id: 4 7

Done! ID      4: E = -3.2995763125 eV/atom
Done! ID      7: E = -3.0221275 eV/atom

Done selection 2

# ------ Bayesian optimization
current best E = -3.2995763125



# ---------- Selection: 3
selected_id: 6 8

Done! ID      6: E = -3.3957405 eV/atom
Done! ID      8: E = -2.6504771875 eV/atom

Done selection 3

# ------ Bayesian optimization
current best E = -3.3957405



# ---------- Selection: 4
selected_id: 9 1

Done! ID      9: E = -3.1172061875 eV/atom
Done! ID      1: E = -2.927869625 eV/atom

Done selection 4

# ------ Bayesian optimization
current best E = -3.3957405



# ---------- Selection: 5
selected_id: 2 0

Done! ID      2: E = -2.9588946875 eV/atom
Done! ID      0: E = -2.9735591875 eV/atom

Done selection 5


Done all structures!
