2020/02/10 00:46:05
CrySPY 0.8.0
Start cryspy.py

# ---------- Read cryspy.in (at 1st run)
# ------ basic section
algo = RS
calc_code = VASP
tot_struc = 10
natot = 16
atype = Na Cl
nat = 8 8
nstage = 2
njob = 10
jobcmd = qsub
jobfile = job_cryspy
# ------ lattice section
minlen = 5.0
maxlen = 12.0
dangle = 20.0
mindist_1 = 2.2 1.8
mindist_2 = 1.8 2.2
# ------ VASP section
kppvol = 40 80
force_gamma = False
# ------ option section
maxcnt = 50
stop_chkpt = 0
symprec = 0.001
spgnum = all
load_struc_flag = False
stop_next_struc = False
recalc = 
append_struc_ea = False
energy_step_flag = False
struc_step_flag = False
fs_step_flag = False


# ---------- Generate initial structures
Generated structures up to ID 9

Done! ID      0: E = -2.5119325 eV/atom
Done! ID      1: E = -1.9862130625 eV/atom
Done! ID      2: E = -3.3973728125 eV/atom
Done! ID      3: E = -2.8586796875 eV/atom
Done! ID      4: E = -2.73348625 eV/atom
Done! ID      5: E = -2.3025061875 eV/atom
Done! ID      6: E = -3.1804393125 eV/atom
Done! ID      7: E = -2.4522115625 eV/atom
Done! ID      8: E = -2.778001625 eV/atom
Done! ID      9: E = -3.288571375 eV/atom
