2020/02/12 11:01:36
CrySPY 0.8.0
Start cryspy.py

# ---------- Read cryspy.in (at 1st run)
# ------ basic section
algo = RS
calc_code = QE
tot_struc = 5
natot = 16
atype = Si
nat = 16
nstage = 2
njob = 5
jobcmd = qsub
jobfile = job_cryspy
# ------ lattice section
minlen = 5.0
maxlen = 10.0
dangle = 20.0
mindist_1 = 1.8
# ------ QE section
qe_infile = pwscf.in
qe_outfile = pwscf.out
kppvol = 40 80
force_gamma = False
# ------ option section
maxcnt = 50
stop_chkpt = 0
symprec = 0.001
spgnum = all
load_struc_flag = False
stop_next_struc = False
recalc = 
append_struc_ea = False
energy_step_flag = False
struc_step_flag = False
fs_step_flag = False


# ---------- Generate initial structures
Generated structures up to ID 4

Done! ID      0: E = -635.3582675543112 eV/atom
Done! ID      1: E = -635.2672645075388 eV/atom
Done! ID      2: E = -635.2865731458241 eV/atom
Done! ID      3: E = -635.091983401921 eV/atom
Done! ID      4: E = -635.1436640740894 eV/atom
