2017/05/18 11:20:06
CSPY 0.2.0
Start cspy.py

#---------- Read cspy.in (at 1st run)
#----- basic section
algo = RS
calc_code = QE
tot_struc = 20
natot = 8
atype = Si
nat = 8
nstage = 2
njob = 10
jobcmd = qsub
jobfile = job_cspy
#----- lattice section
minlen = 5.0
maxlen = 10.0
dangle = 20.0
mindist = 1.8
#----- QE section
qe_infile = pwscf.in
qe_outfile = pwscf.out
kmesh = 40.0 100.0
#----- option section
maxcnt = 500
stop_chkpt = 0
symtoleI = 0.001
symtoleR = 0.1
spgnum = all
load_init_struc = 0
stop_next_struc = 0


#---------- Generate initial structures
Generated structures up to ID 19

Done! Structure ID        0: E = -5083.7117384
Done! Structure ID        1: E = -5082.17868824
Done! Structure ID        2: E = -5067.52702547
Done! Structure ID        4: E = -5085.9760143
Done! Structure ID        5: E = -5082.42487604
Done! Structure ID        7: E = -5079.32951639
Done! Structure ID        8: E = -5069.86081842
Done! Structure ID        9: E = -5081.59689003
Done! Structure ID       10: E = -5084.68639406
Done! Structure ID        3: E = -5083.62186056
Done! Structure ID        6: E = -5079.43387913
Done! Structure ID       11: E = -5083.42021085
Done! Structure ID       12: E = -5084.84641769
Done! Structure ID       14: E = -5083.20613888
Done! Structure ID       18: E = -5073.98500425
Done! Structure ID       19: E = -5081.55873028
Done! Structure ID       13: E = -5080.69401202
Done! Structure ID       15: E = -5078.64086111
Done! Structure ID       16: E = -5081.11301757
Done! Structure ID       17: E = -5081.98186556
