2020/02/18 13:06:21
CrySPY 0.8.0
Start cryspy.py

# ---------- Read cryspy.in (at 1st run)
# ------ basic section
algo = LAQA
calc_code = VASP
tot_struc = 10
natot = 16
atype = Na Cl
nat = 8 8
nstage = 1
njob = 2
jobcmd = qsub
jobfile = job_cryspy
# ------ LAQA section
nselect_laqa = 2
weight_laqa = 1.0
# ------ lattice section
minlen = 5.0
maxlen = 12.0
dangle = 20.0
mindist_1 = 2.2 1.8
mindist_2 = 1.8 2.2
# ------ VASP section
kppvol = 80
force_gamma = False
# ------ option section
maxcnt = 50
stop_chkpt = 0
symprec = 0.001
spgnum = all
load_struc_flag = False
stop_next_struc = False
recalc = 
append_struc_ea = False
energy_step_flag = False
struc_step_flag = False
fs_step_flag = True


# ---------- Generate initial structures
Generated structures up to ID 9


# ---------- Initilalize LAQA
# ---------- Selection 0
selected_id: 0 1 2 3 4 5 6 7 8 9


# ---------- Selection 1
selected_id: 9 0


# ---------- Selection 2
selected_id: 1 2


# ---------- Selection 3
selected_id: 7 1


# ---------- Selection 4
selected_id: 1 0


# ---------- Selection 5
selected_id: 2 4


# ---------- Selection 6
selected_id: 6 4


# ---------- Selection 7
selected_id: 6 2


# ---------- Selection 8
selected_id: 2 6


# ---------- Selection 9
selected_id: 6 9


# ---------- Selection 10
selected_id: 6 0


# ---------- Selection 11
selected_id: 6 0


# ---------- Selection 12
selected_id: 6 0


# ---------- Selection 13
selected_id: 0 6


# ---------- Selection 14
selected_id: 6 0


# ---------- Selection 15
selected_id: 6 0


# ---------- Selection 16
selected_id: 6 0


# ---------- Selection 17
selected_id: 6 9


# ---------- Selection 18
selected_id: 9 6


# ---------- Selection 19
selected_id: 9 0


# ---------- Selection 20
selected_id: 1 0


# ---------- Selection 21
selected_id: 0 1


# ---------- Selection 22
selected_id: 1 0


# ---------- Selection 23
selected_id: 1 0


# ---------- Selection 24
selected_id: 0 1


# ---------- Selection 25
selected_id: 1 0


# ---------- Selection 26
selected_id: 1 0


# ---------- Selection 27
selected_id: 1 0


# ---------- Selection 28
selected_id: 0 1

Done! ID      0: E = -3.3217338125 eV/atom

# ---------- Selection 29
selected_id: 1 6

Done! ID      6: E = -3.317501375 eV/atom

# ---------- Selection 30
selected_id: 1 9


# ---------- Selection 31
selected_id: 9 1


# ---------- Selection 32
selected_id: 1 2


# ---------- Selection 33
selected_id: 2 1


# ---------- Selection 34
selected_id: 1 2

Done! ID      1: E = -3.311716125 eV/atom

# ---------- Selection 35
selected_id: 2 9


# ---------- Selection 36
selected_id: 2 9


# ---------- Selection 37
selected_id: 2 4


# ---------- Selection 38
selected_id: 9 2

Done! ID      2: E = -3.04512275 eV/atom

# ---------- Selection 39
selected_id: 9 4


# ---------- Selection 40
selected_id: 4 9


# ---------- Selection 41
selected_id: 4 9

Done! ID      9: E = -3.0552968125 eV/atom

# ---------- Selection 42
selected_id: 4 7


# ---------- Selection 43
selected_id: 4 7


# ---------- Selection 44
selected_id: 4 7


# ---------- Selection 45
selected_id: 4 7


# ---------- Selection 46
selected_id: 4 7


# ---------- Selection 47
selected_id: 4 7


# ---------- Selection 48
selected_id: 4 7


# ---------- Selection 49
selected_id: 7 4


# ---------- Selection 50
selected_id: 7 4


# ---------- Selection 51
selected_id: 4 7


# ---------- Selection 52
selected_id: 4 7


# ---------- Selection 53
selected_id: 4 7


# ---------- Selection 54
selected_id: 4 7

Done! ID      4: E = -3.1215483125 eV/atom

# ---------- Selection 55
selected_id: 7 5

Done! ID      7: E = -3.0383089375 eV/atom
Done! ID      5: E = -2.885542 eV/atom

# ---------- Selection 56
selected_id: 3 8

Done! ID      3: E = -2.6872689375 eV/atom

# ---------- Selection 57
selected_id: 8


# ---------- Selection 58
selected_id: 8


# ---------- Selection 59
selected_id: 8


# ---------- Selection 60
selected_id: 8


# ---------- Selection 61
selected_id: 8


# ---------- Selection 62
selected_id: 8


# ---------- Selection 63
selected_id: 8


# ---------- Selection 64
selected_id: 8


# ---------- Selection 65
selected_id: 8


# ---------- Selection 66
selected_id: 8


# ---------- Selection 67
selected_id: 8


# ---------- Selection 68
selected_id: 8


# ---------- Selection 69
selected_id: 8


# ---------- Selection 70
selected_id: 8


# ---------- Selection 71
selected_id: 8


# ---------- Selection 72
selected_id: 8


# ---------- Selection 73
selected_id: 8


# ---------- Selection 74
selected_id: 8


# ---------- Selection 75
selected_id: 8


# ---------- Selection 76
selected_id: 8


# ---------- Selection 77
selected_id: 8


# ---------- Selection 78
selected_id: 8


# ---------- Selection 79
selected_id: 8


# ---------- Selection 80
selected_id: 8


# ---------- Selection 81
selected_id: 8


# ---------- Selection 82
selected_id: 8


# ---------- Selection 83
selected_id: 8


# ---------- Selection 84
selected_id: 8

Done! ID      8: E = -2.6650894375 eV/atom

Done LAQA!
