2020/01/29 19:31:30
CrySPY 0.8.0
Start cryspy.py

# ---------- Read cryspy.in (at 1st run)
# ------ basic section
algo = EA
calc_code = soiap
tot_struc = 10
natot = 16
atype = Si
nat = 16
nstage = 1
njob = 2
jobcmd = bash
jobfile = job_cryspy
# ------ EA section
n_pop = 10
n_crsov = 5
n_perm = 0
n_strain = 3
n_rand = 2
n_elite = 2
fit_reverse = False
n_fittest = 0
slct_func = TNM
t_size = 2
crs_lat = equal
crs_func = OP
nat_diff_tole = 4
ntimes = 1
sigma_st = 0.5
maxcnt_ea = 50
maxgen_ea = 0
# ------ lattice section
minlen = 5.0
maxlen = 10.0
dangle = 20.0
mindist_1 = 1.8
# ------ soiap section
soiap_infile = soiap.in
soiap_outfile = soiap.out
soiap_cif = initial.cif
# ------ option section
maxcnt = 50
stop_chkpt = 0
symprec = 0.001
spgnum = all
load_struc_flag = False
stop_next_struc = False
recalc = 
append_struc_ea = False
energy_step_flag = False
struc_step_flag = False
fs_step_flag = False


# ---------- Generate initial structures
Generated structures up to ID 9


# ---------- Initilalize evolutionary algorithm
# ------ Generation 1
10 structures by random

Done! Structure ID      0: E = -4.061872594010355 eV/atom
Done! Structure ID      1: E = -2.6499496469492176 eV/atom
Done! Structure ID      2: E = -2.412708356087378 eV/atom
Done! Structure ID      3: E = -2.25067425967499 eV/atom
Done! Structure ID      4: E = -4.101055417556523 eV/atom
Done! Structure ID      5: E = -2.8478178614360985 eV/atom
Done! Structure ID      6: E = -3.8639603336430555 eV/atom
Done! Structure ID      7: E = -3.959462639154284 eV/atom
Done! Structure ID      8: E = -4.055380558453626 eV/atom
Done! Structure ID      9: E = -3.878968774747457 eV/atom

Done generation 1

# ---------- Evolutionary algorithm

# ------ Generation 2
5 structures by crossover
3 structures by strain
2 structures by random
2 structures keeps as the elite
Done! Structure ID     10: E = -3.95074213426393 eV/atom
Done! Structure ID     11: E = -4.053462772231255 eV/atom
Done! Structure ID     12: E = -4.089494854331185 eV/atom
Done! Structure ID     13: E = -3.918047389228716 eV/atom
Done! Structure ID     14: E = -3.952701702039243 eV/atom
Done! Structure ID     15: E = -3.0008488256364543 eV/atom
Done! Structure ID     16: E = -4.0486273709713165 eV/atom
Done! Structure ID     17: E = -4.140134485107363 eV/atom

#### Changed maxgen_ea from 0 to 2
Done! Structure ID     18: E = -3.5483734358544217 eV/atom
Done! Structure ID     19: E = -3.3508003118442615 eV/atom

Done generation 2

