2017/05/03 18:24:01
CSPY 0.2.0
Start cspy.py

#---------- Read cspy.in (at 1st run)
#----- basic section
algo = RS
calc_code = VASP
tot_struc = 50
natot = 8
atype = Si
nat = 8
nstage = 3
njob = 10
jobcmd = qsub
jobfile = job_cspy
#----- lattice section
minlen = 5.0
maxlen = 10.0
dangle = 20.0
mindist = 1.8
#----- VASP section
kmesh = 40.0 100.0 100.0
#----- option section
maxcnt = 500
stop_chkpt = 1
symtoleI = 0.001
symtoleR = 0.1
spgnum = all
load_init_struc = 0
stop_next_struc = 0


#---------- Generate initial structures
Generated structures up to ID 49


#### Changed stop_chkpt from 1 to 0
Done! Structure ID        0: E = -39.75126
Done! Structure ID        1: E = nan
Done! Structure ID        2: E = -39.424045
Done! Structure ID        3: E = -40.645871
Done! Structure ID        4: E = nan
Done! Structure ID        5: E = -39.383286
Done! Structure ID        6: E = -39.2293
Done! Structure ID        8: E = -37.150514
Done! Structure ID        7: E = -38.586803
Done! Structure ID        9: E = -34.645371
Done! Structure ID       10: E = -36.015924
Done! Structure ID       11: E = nan
Done! Structure ID       12: E = -40.663341
Done! Structure ID       13: E = -36.506972
Done! Structure ID       14: E = -36.506926
Done! Structure ID       15: E = -37.43366
Done! Structure ID       16: E = -40.663327
Done! Structure ID       17: E = -39.466399
Done! Structure ID       18: E = -41.12471
Done! Structure ID       19: E = -38.29217
Done! Structure ID       20: E = -38.506305
Done! Structure ID       21: E = -39.956768
Done! Structure ID       22: E = -38.739157
Done! Structure ID       23: E = nan
Done! Structure ID       24: E = -40.669122
Done! Structure ID       25: E = -40.669122
Done! Structure ID       26: E = -38.839471
Done! Structure ID       27: E = -40.837615
Done! Structure ID       28: E = -40.659134
work0008: Skip Structure ID 37
Done! Structure ID       29: E = -35.027181
Done! Structure ID       30: E = -39.871364
Done! Structure ID       31: E = nan
Done! Structure ID       32: E = -40.687145
Done! Structure ID       33: E = -39.852881
Done! Structure ID       34: E = -39.632143
Done! Structure ID       35: E = -38.977787
Done! Structure ID       36: E = -40.520201
Done! Structure ID       41: E = -33.412018
work0001: Skip Structure ID 42
Done! Structure ID       38: E = -40.66592
Done! Structure ID       39: E = nan
Done! Structure ID       40: E = -33.412018

#### Changed tot_struc from 50 to 100

#### Changed stop_chkpt from 0 to 1

#---------- Append structures
Generated structures up to ID 99


#### Changed stop_chkpt from 1 to 0
Done! Structure ID       43: E = -38.565035
Done! Structure ID       44: E = -40.666237
Done! Structure ID       45: E = -43.378306
Done! Structure ID       46: E = -35.024723
Done! Structure ID       47: E = -40.669331
Done! Structure ID       48: E = -40.669331
Done! Structure ID       49: E = nan
Done! Structure ID       50: E = -36.738021
Done! Structure ID       51: E = -39.556445
Done! Structure ID       52: E = -35.579945
Done! Structure ID       53: E = -40.480355
Done! Structure ID       54: E = -40.15987
Done! Structure ID       55: E = -33.412056
Done! Structure ID       56: E = -40.714704
Done! Structure ID       57: E = -38.981426
Done! Structure ID       58: E = -38.022255
Done! Structure ID       59: E = -40.362489
work0009: Skip Structure ID 67
work0001: Skip Structure ID 69
Done! Structure ID       60: E = nan
Done! Structure ID       61: E = -35.618373
Done! Structure ID       62: E = -40.556348
Done! Structure ID       63: E = -41.125565
Done! Structure ID       64: E = -40.79498
Done! Structure ID       65: E = -36.215558
Done! Structure ID       66: E = -17.881554
Done! Structure ID       68: E = -39.475111
work0008: Skip Structure ID 78
Done! Structure ID       70: E = -38.408118
Done! Structure ID       71: E = -42.05812
Done! Structure ID       72: E = nan
Done! Structure ID       73: E = -40.669102
Done! Structure ID       74: E = -38.158377
Done! Structure ID       75: E = nan
Done! Structure ID       76: E = -38.41124
Done! Structure ID       79: E = -40.498445
Done! Structure ID       77: E = -38.470949
Done! Structure ID       80: E = nan
Done! Structure ID       81: E = -40.535203
Done! Structure ID       82: E = -40.290952
Done! Structure ID       83: E = -39.042705
Done! Structure ID       84: E = -38.493164
Done! Structure ID       85: E = -40.669181
Done! Structure ID       86: E = -40.663448
Done! Structure ID       87: E = -39.407959
Done! Structure ID       88: E = -40.06739
Done! Structure ID       89: E = -40.068105
Done! Structure ID       90: E = -17.760778
Done! Structure ID       91: E = -40.666087
work0000: Skip Structure ID 98
Done! Structure ID       92: E = -40.42883
Done! Structure ID       93: E = -38.339506
Done! Structure ID       94: E = -40.663381
Done! Structure ID       95: E = -35.031084
Done! Structure ID       96: E = -39.702789
Done! Structure ID       97: E = -36.76873
Done! Structure ID       99: E = -42.107375
